#
# A fatal error has been detected by the Java Runtime Environment:
#
#  Internal Error (./open/src/hotspot/share/oops/generateOopMap.cpp:2165), pid=3700, tid=16176
#  fatal error: Illegal class file encountered. Try running with -Xverify:all in method addNewMessage
#
# JRE version: Java(TM) SE Runtime Environment (14.0.1+7) (build 14.0.1+7)
# Java VM: Java HotSpot(TM) 64-Bit Server VM (14.0.1+7, mixed mode, sharing, tiered, compressed oops, g1 gc, windows-amd64)
# No core dump will be written. Minidumps are not enabled by default on client versions of Windows
#
# If you would like to submit a bug report, please visit:
#   https://bugreport.java.com/bugreport/crash.jsp
#

---------------  S U M M A R Y ------------

Command Line: -agentlib:jdwp=transport=dt_socket,suspend=y,address=localhost:53678 -Dcom.sun.management.jmxremote -Dcom.sun.management.jmxremote.port=53677 -Dcom.sun.management.jmxremote.authenticate=false -Dcom.sun.management.jmxremote.ssl=false -Djava.rmi.server.hostname=localhost -Dspring.jmx.enabled=true -Dspring.application.admin.enabled=true -Xverify:none -XX:TieredStopAtLevel=1 -Dspring.boot.project.name=MessageMemo -javaagent:C:\Users\m-kobayashi\sts-4.6.1.RELEASE\configuration\org.eclipse.osgi\245\0\.cp\lib\javaagent-shaded.jar -Dfile.encoding=UTF-8 com.example.MessageMemo.MessageMemoApplication --spring.output.ansi.enabled=always

Host: Intel(R) Core(TM) i5-7200U CPU @ 2.50GHz, 4 cores, 7G,  Windows 10 , 64 bit Build 18362 (10.0.18362.900)
Time: Fri Jun 12 15:08:03 2020 ???? (?W?€??) elapsed time: 1322 seconds (0d 0h 22m 2s)

---------------  T H R E A D  ---------------

Current thread (0x000001e36ee14800):  GCTaskThread "GC Thread#2" [stack: 0x00000024afe00000,0x00000024aff00000] [id=16176]

Stack: [0x00000024afe00000,0x00000024aff00000]
[error occurred during error reporting (printing stack bounds), id 0xc0000005, EXCEPTION_ACCESS_VIOLATION (0xc0000005) at pc=0x000001e3573e10ad]

Native frames: (J=compiled Java code, j=interpreted, Vv=VM code, C=native code)
V  [jvm.dll+0x5f840a]
V  [jvm.dll+0x741e4a]
V  [jvm.dll+0x7435ff]
V  [jvm.dll+0x743ba5]
V  [jvm.dll+0x743b5b]
V  [jvm.dll+0x5f793f]
V  [jvm.dll+0x5f80a8]
C  [ntdll.dll+0xa11cf]
C  [ntdll.dll+0x6a209]
C  [ntdll.dll+0x9fe3e]
C  0x000001e3573e10ad

JavaThread 0x000001e371e65800 (nid = 9804) was being processed
Java frames: (J=compiled Java code, j=interpreted, Vv=VM code)
j  com.example.MessageMemo.MessageMemoController.addNewMessage(Ljava/lang/String;Ljava/lang/String;Ljava/lang/String;Ljava/lang/String;Ljava/lang/String;Ljava/lang/String;Ljava/lang/String;Ljava/lang/String;Ljava/lang/String;Ljava/lang/String;Ljava/lang/String;)Ljava/lang/String;+218
v  ~StubRoutines::call_stub
J 2683  jdk.internal.reflect.NativeMethodAccessorImpl.invoke0(Ljava/lang/reflect/Method;Ljava/lang/Object;[Ljava/lang/Object;)Ljava/lang/Object; java.base@14.0.1 (0 bytes) @ 0x000001e357ef634f [0x000001e357ef62c0+0x000000000000008f]
J 2682 c1 jdk.internal.reflect.NativeMethodAccessorImpl.invoke(Ljava/lang/Object;[Ljava/lang/Object;)Ljava/lang/Object; java.base@14.0.1 (104 bytes) @ 0x000001e357ef6c24 [0x000001e357ef6820+0x0000000000000404]
J 2483 c1 jdk.internal.reflect.DelegatingMethodAccessorImpl.invoke(Ljava/lang/Object;[Ljava/lang/Object;)Ljava/lang/Object; java.base@14.0.1 (10 bytes) @ 0x000001e357e9d39c [0x000001e357e9d320+0x000000000000007c]
J 2496 c1 java.lang.reflect.Method.invoke(Ljava/lang/Object;[Ljava/lang/Object;)Ljava/lang/Object; java.base@14.0.1 (65 bytes) @ 0x000001e357ea0eac [0x000001e357ea0d60+0x000000000000014c]
j  org.springframework.web.method.support.InvocableHandlerMethod.doInvoke([Ljava/lang/Object;)Ljava/lang/Object;+16
j  org.springframework.web.method.support.InvocableHandlerMethod.invokeForRequest(Lorg/springframework/web/context/request/NativeWebRequest;Lorg/springframework/web/method/support/ModelAndViewContainer;[Ljava/lang/Object;)Ljava/lang/Object;+56
j  org.springframework.web.servlet.mvc.method.annotation.ServletInvocableHandlerMethod.invokeAndHandle(Lorg/springframework/web/context/request/ServletWebRequest;Lorg/springframework/web/method/support/ModelAndViewContainer;[Ljava/lang/Object;)V+4
j  org.springframework.web.servlet.mvc.method.annotation.RequestMappingHandlerAdapter.invokeHandlerMethod(Ljavax/servlet/http/HttpServletRequest;Ljavax/servlet/http/HttpServletResponse;Lorg/springframework/web/method/HandlerMethod;)Lorg/springframework/web/servlet/ModelAndView;+244
j  org.springframework.web.servlet.mvc.method.annotation.RequestMappingHandlerAdapter.handleInternal(Ljavax/servlet/http/HttpServletRequest;Ljavax/servlet/http/HttpServletResponse;Lorg/springframework/web/method/HandlerMethod;)Lorg/springframework/web/servlet/ModelAndView;+81
j  org.springframework.web.servlet.mvc.method.AbstractHandlerMethodAdapter.handle(Ljavax/servlet/http/HttpServletRequest;Ljavax/servlet/http/HttpServletResponse;Ljava/lang/Object;)Lorg/springframework/web/servlet/ModelAndView;+7
j  org.springframework.web.servlet.DispatcherServlet.doDispatch(Ljavax/servlet/http/HttpServletRequest;Ljavax/servlet/http/HttpServletResponse;)V+259
j  org.springframework.web.servlet.DispatcherServlet.doService(Ljavax/servlet/http/HttpServletRequest;Ljavax/servlet/http/HttpServletResponse;)V+212
j  org.springframework.web.servlet.FrameworkServlet.processRequest(Ljavax/servlet/http/HttpServletRequest;Ljavax/servlet/http/HttpServletResponse;)V+71
j  org.springframework.web.servlet.FrameworkServlet.doPost(Ljavax/servlet/http/HttpServletRequest;Ljavax/servlet/http/HttpServletResponse;)V+3
j  javax.servlet.http.HttpServlet.service(Ljavax/servlet/http/HttpServletRequest;Ljavax/servlet/http/HttpServletResponse;)V+149
j  org.springframework.web.servlet.FrameworkServlet.service(Ljavax/servlet/http/HttpServletRequest;Ljavax/servlet/http/HttpServletResponse;)V+33
j  javax.servlet.http.HttpServlet.service(Ljavax/servlet/ServletRequest;Ljavax/servlet/ServletResponse;)V+37
j  org.apache.catalina.core.ApplicationFilterChain.internalDoFilter(Ljavax/servlet/ServletRequest;Ljavax/servlet/ServletResponse;)V+304
j  org.apache.catalina.core.ApplicationFilterChain.doFilter(Ljavax/servlet/ServletRequest;Ljavax/servlet/ServletResponse;)V+101
j  org.apache.tomcat.websocket.server.WsFilter.doFilter(Ljavax/servlet/ServletRequest;Ljavax/servlet/ServletResponse;Ljavax/servlet/FilterChain;)V+21
j  org.apache.catalina.core.ApplicationFilterChain.internalDoFilter(Ljavax/servlet/ServletRequest;Ljavax/servlet/ServletResponse;)V+135
j  org.apache.catalina.core.ApplicationFilterChain.doFilter(Ljavax/servlet/ServletRequest;Ljavax/servlet/ServletResponse;)V+101
j  org.springframework.web.filter.RequestContextFilter.doFilterInternal(Ljavax/servlet/http/HttpServletRequest;Ljavax/servlet/http/HttpServletResponse;Ljavax/servlet/FilterChain;)V+21
j  org.springframework.web.filter.OncePerRequestFilter.doFilter(Ljavax/servlet/ServletRequest;Ljavax/servlet/ServletResponse;Ljavax/servlet/FilterChain;)V+147
j  org.apache.catalina.core.ApplicationFilterChain.internalDoFilter(Ljavax/servlet/ServletRequest;Ljavax/servlet/ServletResponse;)V+135
j  org.apache.catalina.core.ApplicationFilterChain.doFilter(Ljavax/servlet/ServletRequest;Ljavax/servlet/ServletResponse;)V+101
j  org.springframework.web.filter.FormContentFilter.doFilterInternal(Ljavax/servlet/http/HttpServletRequest;Ljavax/servlet/http/HttpServletResponse;Ljavax/servlet/FilterChain;)V+38
j  org.springframework.web.filter.OncePerRequestFilter.doFilter(Ljavax/servlet/ServletRequest;Ljavax/servlet/ServletResponse;Ljavax/servlet/FilterChain;)V+147
j  org.apache.catalina.core.ApplicationFilterChain.internalDoFilter(Ljavax/servlet/ServletRequest;Ljavax/servlet/ServletResponse;)V+135
j  org.apache.catalina.core.ApplicationFilterChain.doFilter(Ljavax/servlet/ServletRequest;Ljavax/servlet/ServletResponse;)V+101
j  org.springframework.web.filter.CharacterEncodingFilter.doFilterInternal(Ljavax/servlet/http/HttpServletRequest;Ljavax/servlet/http/HttpServletResponse;Ljavax/servlet/FilterChain;)V+53
j  org.springframework.web.filter.OncePerRequestFilter.doFilter(Ljavax/servlet/ServletRequest;Ljavax/servlet/ServletResponse;Ljavax/servlet/FilterChain;)V+147
j  org.apache.catalina.core.ApplicationFilterChain.internalDoFilter(Ljavax/servlet/ServletRequest;Ljavax/servlet/ServletResponse;)V+135
j  org.apache.catalina.core.ApplicationFilterChain.doFilter(Ljavax/servlet/ServletRequest;Ljavax/servlet/ServletResponse;)V+101
j  org.apache.catalina.core.StandardWrapperValve.invoke(Lorg/apache/catalina/connector/Request;Lorg/apache/catalina/connector/Response;)V+694
j  org.apache.catalina.core.StandardContextValve.invoke(Lorg/apache/catalina/connector/Request;Lorg/apache/catalina/connector/Response;)V+166
j  org.apache.catalina.authenticator.AuthenticatorBase.invoke(Lorg/apache/catalina/connector/Request;Lorg/apache/catalina/connector/Response;)V+261
j  org.apache.catalina.core.StandardHostValve.invoke(Lorg/apache/catalina/connector/Request;Lorg/apache/catalina/connector/Response;)V+114
j  org.apache.catalina.valves.ErrorReportValve.invoke(Lorg/apache/catalina/connector/Request;Lorg/apache/catalina/connector/Response;)V+6
j  org.apache.catalina.core.StandardEngineValve.invoke(Lorg/apache/catalina/connector/Request;Lorg/apache/catalina/connector/Response;)V+45
j  org.apache.catalina.connector.CoyoteAdapter.service(Lorg/apache/coyote/Request;Lorg/apache/coyote/Response;)V+200
j  org.apache.coyote.http11.Http11Processor.service(Lorg/apache/tomcat/util/net/SocketWrapperBase;)Lorg/apache/tomcat/util/net/AbstractEndpoint$Handler$SocketState;+745
j  org.apache.coyote.AbstractProcessorLight.process(Lorg/apache/tomcat/util/net/SocketWrapperBase;Lorg/apache/tomcat/util/net/SocketEvent;)Lorg/apache/tomcat/util/net/AbstractEndpoint$Handler$SocketState;+170
j  org.apache.coyote.AbstractProtocol$ConnectionHandler.process(Lorg/apache/tomcat/util/net/SocketWrapperBase;Lorg/apache/tomcat/util/net/SocketEvent;)Lorg/apache/tomcat/util/net/AbstractEndpoint$Handler$SocketState;+505
j  org.apache.tomcat.util.net.NioEndpoint$SocketProcessor.doRun()V+214
j  org.apache.tomcat.util.net.SocketProcessorBase.run()V+21
j  java.util.concurrent.ThreadPoolExecutor.runWorker(Ljava/util/concurrent/ThreadPoolExecutor$Worker;)V+92 java.base@14.0.1
j  java.util.concurrent.ThreadPoolExecutor$Worker.run()V+5 java.base@14.0.1
j  org.apache.tomcat.util.threads.TaskThread$WrappingRunnable.run()V+4
j  java.lang.Thread.run()V+11 java.base@14.0.1
v  ~StubRoutines::call_stub

---------------  P R O C E S S  ---------------

Threads class SMR info:
_java_thread_list=0x000001e37202d380, length=24, elements={
0x000001e36db8f000, 0x000001e36db90000, 0x000001e36dbaa000, 0x000001e36dbab000,
0x000001e36dbae000, 0x000001e36dbb6000, 0x000001e36dbc8000, 0x000001e36db72000,
0x000001e36e5bf000, 0x000001e36e5c2800, 0x000001e36e5c3800, 0x000001e36ec86000,
0x000001e36ee29000, 0x000001e36ee18000, 0x000001e36ee63800, 0x000001e36f621000,
0x000001e36f67f800, 0x000001e36f684000, 0x000001e371e65800, 0x000001e371e6d000,
0x000001e36f67e000, 0x000001e36f683000, 0x000001e371e6f800, 0x000001e371e70000
}

Java Threads: ( => current thread )
  0x000001e36db8f000 JavaThread "Reference Handler" daemon [_thread_blocked, id=6972, stack(0x00000024af100000,0x00000024af200000)]
  0x000001e36db90000 JavaThread "Finalizer" daemon [_thread_blocked, id=15796, stack(0x00000024af200000,0x00000024af300000)]
  0x000001e36dbaa000 JavaThread "Signal Dispatcher" daemon [_thread_blocked, id=11940, stack(0x00000024af300000,0x00000024af400000)]
  0x000001e36dbab000 JavaThread "Attach Listener" daemon [_thread_blocked, id=12836, stack(0x00000024af400000,0x00000024af500000)]
  0x000001e36dbae000 JavaThread "Service Thread" daemon [_thread_blocked, id=13280, stack(0x00000024af500000,0x00000024af600000)]
  0x000001e36dbb6000 JavaThread "C1 CompilerThread0" daemon [_thread_blocked, id=4236, stack(0x00000024af600000,0x00000024af700000)]
  0x000001e36dbc8000 JavaThread "Sweeper thread" daemon [_thread_blocked, id=8072, stack(0x00000024af700000,0x00000024af800000)]
  0x000001e36db72000 JavaThread "Common-Cleaner" daemon [_thread_blocked, id=2112, stack(0x00000024af800000,0x00000024af900000)]
  0x000001e36e5bf000 JavaThread "JDWP Transport Listener: dt_socket" daemon [_thread_blocked, id=8100, stack(0x00000024af900000,0x00000024afa00000)]
  0x000001e36e5c2800 JavaThread "JDWP Event Helper Thread" daemon [_thread_blocked, id=4804, stack(0x00000024afa00000,0x00000024afb00000)]
  0x000001e36e5c3800 JavaThread "JDWP Command Reader" daemon [_thread_in_native, id=4712, stack(0x00000024afb00000,0x00000024afc00000)]
  0x000001e36ec86000 JavaThread "Notification Thread" daemon [_thread_blocked, id=4588, stack(0x00000024afc00000,0x00000024afd00000)]
  0x000001e36ee29000 JavaThread "RMI TCP Accept-0" daemon [_thread_in_native, id=7312, stack(0x00000024b0000000,0x00000024b0100000)]
  0x000001e36ee18000 JavaThread "RMI TCP Accept-53677" daemon [_thread_in_native, id=6544, stack(0x00000024b0100000,0x00000024b0200000)]
  0x000001e36ee63800 JavaThread "RMI TCP Accept-0" daemon [_thread_in_native, id=6328, stack(0x00000024b0200000,0x00000024b0300000)]
  0x000001e36f621000 JavaThread "RMI Scheduler(0)" daemon [_thread_blocked, id=4216, stack(0x00000024b0800000,0x00000024b0900000)]
  0x000001e36f67f800 JavaThread "mysql-cj-abandoned-connection-cleanup" daemon [_thread_blocked, id=11460, stack(0x00000024b0d00000,0x00000024b0e00000)]
  0x000001e36f684000 JavaThread "Live Reload Server" daemon [_thread_in_native, id=7428, stack(0x00000024b1200000,0x00000024b1300000)]
  0x000001e371e65800 JavaThread "http-nio-8080-exec-6" daemon [_thread_blocked, id=9804, stack(0x00000024b1900000,0x00000024b1a00000)]
  0x000001e371e6d000 JavaThread "DestroyJavaVM" [_thread_blocked, id=11876, stack(0x00000024aea00000,0x00000024aeb00000)]
  0x000001e36f67e000 JavaThread "Catalina-utility-1" [_thread_blocked, id=15300, stack(0x00000024ae900000,0x00000024aea00000)]
  0x000001e36f683000 JavaThread "Catalina-utility-2" [_thread_blocked, id=9136, stack(0x00000024b0600000,0x00000024b0700000)]
  0x000001e371e6f800 JavaThread "http-nio-8080-Acceptor" daemon [_thread_blocked, id=17204, stack(0x00000024b1d00000,0x00000024b1e00000)]
  0x000001e371e70000 JavaThread "Thread-13" [_thread_blocked, id=9808, stack(0x00000024ae700000,0x00000024ae800000)]

Other Threads:
  0x000001e36db88000 VMThread "VM Thread" [stack: 0x00000024af000000,0x00000024af100000] [id=15216]
  0x000001e36ee95800 WatcherThread [stack: 0x00000024b0300000,0x00000024b0400000] [id=17300]
  0x000001e34d4ea800 GCTaskThread "GC Thread#0" [stack: 0x00000024aeb00000,0x00000024aec00000] [id=9844]
  0x000001e36ee40800 GCTaskThread "GC Thread#1" [stack: 0x00000024afd00000,0x00000024afe00000] [id=9708]
=>0x000001e36ee14800 GCTaskThread "GC Thread#2" [stack: 0x00000024afe00000,0x00000024aff00000] [id=16176]
  0x000001e36f7a0800 GCTaskThread "GC Thread#3" [stack: 0x00000024b0a00000,0x00000024b0b00000] [id=11676]
  0x000001e34d4fd800 ConcurrentGCThread "G1 Main Marker" [stack: 0x00000024aec00000,0x00000024aed00000] [id=8796]
  0x000001e34d4fe800 ConcurrentGCThread "G1 Conc#0" [stack: 0x00000024aed00000,0x00000024aee00000] [id=15576]
  0x000001e36da01800 ConcurrentGCThread "G1 Refine#0" [stack: 0x00000024aee00000,0x00000024aef00000] [id=3384]
  0x000001e36e759800 ConcurrentGCThread "G1 Refine#1" [stack: 0x00000024aff00000,0x00000024b0000000] [id=16428]
  0x000001e36da04000 ConcurrentGCThread "G1 Young RemSet Sampling" [stack: 0x00000024aef00000,0x00000024af000000] [id=15432]

Threads with active compile tasks:

VM state:at safepoint (normal execution)

VM Mutex/Monitor currently owned by a thread:  ([mutex/lock_event])
[0x000001e34d4a2740] Threads_lock - owner thread: 0x000001e36db88000
[0x000001e34d4a1ed0] Heap_lock - owner thread: 0x000001e371e70000

Heap address: 0x0000000081a00000, size: 2022 MB, Compressed Oops mode: 32-bit
Narrow klass base: 0x0000000800000000, Narrow klass shift: 3
Compressed class space size: 1073741824 Address: 0x0000000800b30000

Heap:
 garbage-first heap   total 86016K, used 68390K [0x0000000081a00000, 0x0000000100000000)
  region size 1024K, 42 young (43008K), 3 survivors (3072K)
 Metaspace       used 56040K, capacity 57840K, committed 58060K, reserved 1099776K
  class space    used 7600K, capacity 8268K, committed 8396K, reserved 1048576K
Heap Regions: E=young(eden), S=young(survivor), O=old, HS=humongous(starts), HC=humongous(continues), CS=collection set, F=free, OA=open archive, CA=closed archive, TAMS=top-at-mark-start (previous, next)
|   0|0x0000000081a00000, 0x0000000081b00000, 0x0000000081b00000|100%|HS|  |TAMS 0x0000000081a00000, 0x0000000081a00000| Untracked 
|   1|0x0000000081b00000, 0x0000000081c00000, 0x0000000081c00000|100%| O|  |TAMS 0x0000000081b00000, 0x0000000081b00000| Untracked 
|   2|0x0000000081c00000, 0x0000000081cfffe8, 0x0000000081d00000| 99%| O|  |TAMS 0x0000000081c00000, 0x0000000081c00000| Untracked 
|   3|0x0000000081d00000, 0x0000000081dffff0, 0x0000000081e00000| 99%| O|  |TAMS 0x0000000081d00000, 0x0000000081d00000| Untracked 
|   4|0x0000000081e00000, 0x0000000081effff0, 0x0000000081f00000| 99%| O|  |TAMS 0x0000000081e00000, 0x0000000081e00000| Untracked 
|   5|0x0000000081f00000, 0x0000000082000000, 0x0000000082000000|100%| O|  |TAMS 0x0000000081f00000, 0x0000000081f00000| Untracked 
|   6|0x0000000082000000, 0x0000000082100000, 0x0000000082100000|100%| O|  |TAMS 0x0000000082000000, 0x0000000082000000| Untracked 
|   7|0x0000000082100000, 0x00000000821fffb0, 0x0000000082200000| 99%| O|  |TAMS 0x0000000082100000, 0x0000000082100000| Untracked 
|   8|0x0000000082200000, 0x00000000822ffff0, 0x0000000082300000| 99%| O|  |TAMS 0x0000000082200000, 0x0000000082200000| Untracked 
|   9|0x0000000082300000, 0x00000000823fffe0, 0x0000000082400000| 99%| O|  |TAMS 0x0000000082300000, 0x0000000082300000| Untracked 
|  10|0x0000000082400000, 0x00000000824fffe0, 0x0000000082500000| 99%| O|  |TAMS 0x0000000082400000, 0x0000000082400000| Untracked 
|  11|0x0000000082500000, 0x0000000082600000, 0x0000000082600000|100%| O|  |TAMS 0x0000000082500000, 0x0000000082500000| Untracked 
|  12|0x0000000082600000, 0x00000000826fffc0, 0x0000000082700000| 99%| O|  |TAMS 0x0000000082600000, 0x0000000082600000| Untracked 
|  13|0x0000000082700000, 0x0000000082800000, 0x0000000082800000|100%| O|  |TAMS 0x0000000082700000, 0x0000000082700000| Untracked 
|  14|0x0000000082800000, 0x0000000082900000, 0x0000000082900000|100%| O|  |TAMS 0x0000000082800000, 0x0000000082800000| Untracked 
|  15|0x0000000082900000, 0x0000000082a00000, 0x0000000082a00000|100%| O|  |TAMS 0x0000000082900000, 0x0000000082900000| Untracked 
|  16|0x0000000082a00000, 0x0000000082affff0, 0x0000000082b00000| 99%| O|  |TAMS 0x0000000082a00000, 0x0000000082a00000| Untracked 
|  17|0x0000000082b00000, 0x0000000082bffff8, 0x0000000082c00000| 99%| O|  |TAMS 0x0000000082b00000, 0x0000000082b00000| Untracked 
|  18|0x0000000082c00000, 0x0000000082cfffb8, 0x0000000082d00000| 99%| O|  |TAMS 0x0000000082c00000, 0x0000000082c00000| Untracked 
|  19|0x0000000082d00000, 0x0000000082dfffe8, 0x0000000082e00000| 99%| O|  |TAMS 0x0000000082d00000, 0x0000000082d00000| Untracked 
|  20|0x0000000082e00000, 0x0000000082f00000, 0x0000000082f00000|100%| O|  |TAMS 0x0000000082e00000, 0x0000000082e00000| Untracked 
|  21|0x0000000082f00000, 0x0000000082fffff0, 0x0000000083000000| 99%| O|  |TAMS 0x0000000082f00000, 0x0000000082f00000| Untracked 
|  22|0x0000000083000000, 0x00000000830ffff8, 0x0000000083100000| 99%| O|  |TAMS 0x0000000083000000, 0x0000000083000000| Untracked 
|  23|0x0000000083100000, 0x00000000831e13e8, 0x0000000083200000| 87%| O|  |TAMS 0x0000000083100000, 0x0000000083100000| Untracked 
|  24|0x0000000083200000, 0x0000000083200000, 0x0000000083300000|  0%| F|  |TAMS 0x0000000083200000, 0x0000000083200000| Untracked 
|  25|0x0000000083300000, 0x0000000083300000, 0x0000000083400000|  0%| F|  |TAMS 0x0000000083300000, 0x0000000083300000| Untracked 
|  26|0x0000000083400000, 0x0000000083400000, 0x0000000083500000|  0%| F|  |TAMS 0x0000000083400000, 0x0000000083400000| Untracked 
|  27|0x0000000083500000, 0x0000000083500000, 0x0000000083600000|  0%| F|  |TAMS 0x0000000083500000, 0x0000000083500000| Untracked 
|  28|0x0000000083600000, 0x0000000083600000, 0x0000000083700000|  0%| F|  |TAMS 0x0000000083600000, 0x0000000083600000| Untracked 
|  29|0x0000000083700000, 0x0000000083700000, 0x0000000083800000|  0%| F|  |TAMS 0x0000000083700000, 0x0000000083700000| Untracked 
|  30|0x0000000083800000, 0x0000000083800000, 0x0000000083900000|  0%| F|  |TAMS 0x0000000083800000, 0x0000000083800000| Untracked 
|  31|0x0000000083900000, 0x0000000083900000, 0x0000000083a00000|  0%| F|  |TAMS 0x0000000083900000, 0x0000000083900000| Untracked 
|  32|0x0000000083a00000, 0x0000000083a00000, 0x0000000083b00000|  0%| F|  |TAMS 0x0000000083a00000, 0x0000000083a00000| Untracked 
|  33|0x0000000083b00000, 0x0000000083b00000, 0x0000000083c00000|  0%| F|  |TAMS 0x0000000083b00000, 0x0000000083b00000| Untracked 
|  34|0x0000000083c00000, 0x0000000083c00000, 0x0000000083d00000|  0%| F|  |TAMS 0x0000000083c00000, 0x0000000083c00000| Untracked 
|  35|0x0000000083d00000, 0x0000000083d970e0, 0x0000000083e00000| 59%| S|  |TAMS 0x0000000083d00000, 0x0000000083d00000| Complete 
|  36|0x0000000083e00000, 0x0000000083e00000, 0x0000000083f00000|  0%| F|  |TAMS 0x0000000083e00000, 0x0000000083e00000| Untracked 
|  37|0x0000000083f00000, 0x0000000083f00000, 0x0000000084000000|  0%| F|  |TAMS 0x0000000083f00000, 0x0000000083f00000| Untracked 
|  38|0x0000000084000000, 0x0000000084100000, 0x0000000084100000|100%| S|  |TAMS 0x0000000084000000, 0x0000000084000000| Complete 
|  39|0x0000000084100000, 0x00000000841fffc8, 0x0000000084200000| 99%| O|  |TAMS 0x0000000084100000, 0x0000000084100000| Untracked 
|  40|0x0000000084200000, 0x0000000084300000, 0x0000000084300000|100%| S|  |TAMS 0x0000000084200000, 0x0000000084200000| Complete 
|  41|0x0000000084300000, 0x000000008432c838, 0x0000000084400000| 17%| O|  |TAMS 0x0000000084300000, 0x0000000084300000| Untracked 
|  42|0x0000000084400000, 0x0000000084400000, 0x0000000084500000|  0%| F|  |TAMS 0x0000000084400000, 0x0000000084400000| Untracked 
|  43|0x0000000084500000, 0x0000000084500000, 0x0000000084600000|  0%| F|  |TAMS 0x0000000084500000, 0x0000000084500000| Untracked 
|  44|0x0000000084600000, 0x0000000084624f98, 0x0000000084700000| 14%| O|  |TAMS 0x0000000084600000, 0x0000000084600000| Untracked 
|  45|0x0000000084700000, 0x0000000084800000, 0x0000000084800000|100%| E|  |TAMS 0x0000000084700000, 0x0000000084700000| Complete 
|  46|0x0000000084800000, 0x0000000084900000, 0x0000000084900000|100%| E|  |TAMS 0x0000000084800000, 0x0000000084800000| Complete 
|  47|0x0000000084900000, 0x0000000084a00000, 0x0000000084a00000|100%| E|  |TAMS 0x0000000084900000, 0x0000000084900000| Complete 
|  48|0x0000000084a00000, 0x0000000084b00000, 0x0000000084b00000|100%| E|  |TAMS 0x0000000084a00000, 0x0000000084a00000| Complete 
|  49|0x0000000084b00000, 0x0000000084c00000, 0x0000000084c00000|100%| E|  |TAMS 0x0000000084b00000, 0x0000000084b00000| Complete 
|  50|0x0000000084c00000, 0x0000000084d00000, 0x0000000084d00000|100%| E|  |TAMS 0x0000000084c00000, 0x0000000084c00000| Complete 
|  51|0x0000000084d00000, 0x0000000084e00000, 0x0000000084e00000|100%| E|  |TAMS 0x0000000084d00000, 0x0000000084d00000| Complete 
|  52|0x0000000084e00000, 0x0000000084f00000, 0x0000000084f00000|100%| E|  |TAMS 0x0000000084e00000, 0x0000000084e00000| Complete 
|  53|0x0000000084f00000, 0x0000000085000000, 0x0000000085000000|100%| E|  |TAMS 0x0000000084f00000, 0x0000000084f00000| Complete 
|  54|0x0000000085000000, 0x0000000085100000, 0x0000000085100000|100%| E|  |TAMS 0x0000000085000000, 0x0000000085000000| Complete 
|  55|0x0000000085100000, 0x0000000085200000, 0x0000000085200000|100%| E|  |TAMS 0x0000000085100000, 0x0000000085100000| Complete 
|  56|0x0000000085200000, 0x0000000085300000, 0x0000000085300000|100%| E|  |TAMS 0x0000000085200000, 0x0000000085200000| Complete 
|  57|0x0000000085300000, 0x0000000085400000, 0x0000000085400000|100%| E|  |TAMS 0x0000000085300000, 0x0000000085300000| Complete 
|  58|0x0000000085400000, 0x0000000085500000, 0x0000000085500000|100%| E|  |TAMS 0x0000000085400000, 0x0000000085400000| Complete 
|  59|0x0000000085500000, 0x0000000085600000, 0x0000000085600000|100%| E|  |TAMS 0x0000000085500000, 0x0000000085500000| Complete 
|  60|0x0000000085600000, 0x0000000085700000, 0x0000000085700000|100%| E|  |TAMS 0x0000000085600000, 0x0000000085600000| Complete 
|  61|0x0000000085700000, 0x0000000085800000, 0x0000000085800000|100%| E|  |TAMS 0x0000000085700000, 0x0000000085700000| Complete 
|  62|0x0000000085800000, 0x0000000085900000, 0x0000000085900000|100%| E|  |TAMS 0x0000000085800000, 0x0000000085800000| Complete 
|  63|0x0000000085900000, 0x0000000085a00000, 0x0000000085a00000|100%| E|  |TAMS 0x0000000085900000, 0x0000000085900000| Complete 
|  64|0x0000000085a00000, 0x0000000085b00000, 0x0000000085b00000|100%| E|  |TAMS 0x0000000085a00000, 0x0000000085a00000| Complete 
|  65|0x0000000085b00000, 0x0000000085c00000, 0x0000000085c00000|100%| E|  |TAMS 0x0000000085b00000, 0x0000000085b00000| Complete 
|  66|0x0000000085c00000, 0x0000000085d00000, 0x0000000085d00000|100%| E|  |TAMS 0x0000000085c00000, 0x0000000085c00000| Complete 
|  67|0x0000000085d00000, 0x0000000085e00000, 0x0000000085e00000|100%| E|  |TAMS 0x0000000085d00000, 0x0000000085d00000| Complete 
|  68|0x0000000085e00000, 0x0000000085f00000, 0x0000000085f00000|100%| E|  |TAMS 0x0000000085e00000, 0x0000000085e00000| Complete 
|  69|0x0000000085f00000, 0x0000000086000000, 0x0000000086000000|100%| E|  |TAMS 0x0000000085f00000, 0x0000000085f00000| Complete 
|  70|0x0000000086000000, 0x0000000086100000, 0x0000000086100000|100%| E|  |TAMS 0x0000000086000000, 0x0000000086000000| Complete 
|  71|0x0000000086100000, 0x0000000086200000, 0x0000000086200000|100%| E|  |TAMS 0x0000000086100000, 0x0000000086100000| Complete 
|  72|0x0000000086200000, 0x0000000086300000, 0x0000000086300000|100%| E|  |TAMS 0x0000000086200000, 0x0000000086200000| Complete 
|  73|0x0000000086300000, 0x0000000086400000, 0x0000000086400000|100%| E|  |TAMS 0x0000000086300000, 0x0000000086300000| Complete 
|  74|0x0000000086400000, 0x0000000086500000, 0x0000000086500000|100%| E|  |TAMS 0x0000000086400000, 0x0000000086400000| Complete 
|  75|0x0000000086500000, 0x0000000086600000, 0x0000000086600000|100%| E|  |TAMS 0x0000000086500000, 0x0000000086500000| Complete 
|  76|0x0000000086600000, 0x0000000086700000, 0x0000000086700000|100%| E|  |TAMS 0x0000000086600000, 0x0000000086600000| Complete 
|  77|0x0000000086700000, 0x0000000086800000, 0x0000000086800000|100%| E|  |TAMS 0x0000000086700000, 0x0000000086700000| Complete 
|  78|0x0000000086800000, 0x0000000086900000, 0x0000000086900000|100%| E|  |TAMS 0x0000000086800000, 0x0000000086800000| Complete 
|  79|0x0000000086900000, 0x0000000086a00000, 0x0000000086a00000|100%| E|  |TAMS 0x0000000086900000, 0x0000000086900000| Complete 
|  80|0x0000000086a00000, 0x0000000086b00000, 0x0000000086b00000|100%| E|  |TAMS 0x0000000086a00000, 0x0000000086a00000| Complete 
|  81|0x0000000086b00000, 0x0000000086c00000, 0x0000000086c00000|100%| E|  |TAMS 0x0000000086b00000, 0x0000000086b00000| Complete 
|  82|0x0000000086c00000, 0x0000000086d00000, 0x0000000086d00000|100%| E|  |TAMS 0x0000000086c00000, 0x0000000086c00000| Complete 
|  83|0x0000000086d00000, 0x0000000086e00000, 0x0000000086e00000|100%| E|  |TAMS 0x0000000086d00000, 0x0000000086d00000| Complete 

Card table byte_map: [0x000001e366e00000,0x000001e367200000] _byte_map_base: 0x000001e3669f3000

Marking Bits (Prev, Next): (CMBitMap*) 0x000001e34d4eb6d8, (CMBitMap*) 0x000001e34d4eb698
 Prev Bits: [0x000001e3695a0000, 0x000001e36b538000)
 Next Bits: [0x000001e367600000, 0x000001e369598000)

Polling page: 0x000001e34d260000

Metaspace:

Usage:
  Non-class:     48.41 MB capacity,    47.30 MB ( 98%) used,   933.96 KB (  2%) free+waste,   198.19 KB ( <1%) overhead. 
      Class:      8.07 MB capacity,     7.42 MB ( 92%) used,   571.48 KB (  7%) free+waste,    95.81 KB (  1%) overhead. 
       Both:     56.48 MB capacity,    54.73 MB ( 97%) used,     1.47 MB (  3%) free+waste,   294.00 KB ( <1%) overhead. 

Virtual space:
  Non-class space:       50.00 MB reserved,      48.50 MB ( 97%) committed 
      Class space:        1.00 GB reserved,       8.20 MB ( <1%) committed 
             Both:        1.05 GB reserved,      56.70 MB (  5%) committed 

Chunk freelists:
   Non-Class:  28.00 KB
       Class:  20.00 KB
        Both:  48.00 KB

MaxMetaspaceSize: 17179869184.00 GB
CompressedClassSpaceSize: 1.00 GB

CodeHeap 'non-profiled nmethods': size=238912Kb used=12766Kb max_used=12766Kb free=226145Kb
 bounds [0x000001e357a90000, 0x000001e358710000, 0x000001e3663e0000]
CodeHeap 'non-nmethods': size=6848Kb used=1427Kb max_used=1427Kb free=5420Kb
 bounds [0x000001e3573e0000, 0x000001e357650000, 0x000001e357a90000]
 total_blobs=8257 nmethods=7341 adapters=569
 compilation: enabled
              stopped_count=0, restarted_count=0
 full_count=0

Compilation events (20 events):
Event: 1225.303 Thread 0x000001e36dbb6000 7333       1       org.apache.catalina.core.StandardContext::getThreadBindingListener (5 bytes)
Event: 1225.303 Thread 0x000001e36dbb6000 nmethod 7333 0x000001e358705090 code [0x000001e358705220, 0x000001e3587052f8]
Event: 1305.437 Thread 0x000001e36dbb6000 7334       1       org.apache.catalina.core.StandardWrapper::backgroundProcess (38 bytes)
Event: 1305.437 Thread 0x000001e36dbb6000 nmethod 7334 0x000001e358705390 code [0x000001e358705540, 0x000001e358705758]
Event: 1322.557 Thread 0x000001e36dbb6000 7335       1       java.io.PrintStream::ensureOpen (18 bytes)
Event: 1322.558 Thread 0x000001e36dbb6000 nmethod 7335 0x000001e358705890 code [0x000001e358705a40, 0x000001e358705be8]
Event: 1322.558 Thread 0x000001e36dbb6000 7336   !   1       org.hibernate.internal.util.collections.BoundedConcurrentHashMap$Segment::clear (73 bytes)
Event: 1322.558 Thread 0x000001e36dbb6000 nmethod 7336 0x000001e358705c90 code [0x000001e358705ea0, 0x000001e358706278]
Event: 1322.559 Thread 0x000001e36dbb6000 7337       1       java.util.concurrent.ThreadPoolExecutor::isRunning (10 bytes)
Event: 1322.559 Thread 0x000001e36dbb6000 nmethod 7337 0x000001e358706590 code [0x000001e358706720, 0x000001e3587067d8]
Event: 1322.562 Thread 0x000001e36dbb6000 7338       1       java.net.Socket::isConnected (5 bytes)
Event: 1322.562 Thread 0x000001e36dbb6000 nmethod 7338 0x000001e358706890 code [0x000001e358706a20, 0x000001e358706af8]
Event: 1322.562 Thread 0x000001e36dbb6000 7339       1       java.net.StandardSocketOptions$StdSocketOption::type (5 bytes)
Event: 1322.562 Thread 0x000001e36dbb6000 nmethod 7339 0x000001e358706b90 code [0x000001e358706d20, 0x000001e358706df8]
Event: 1322.587 Thread 0x000001e36dbb6000 7340       1       java.util.concurrent.CopyOnWriteArrayList::toArray (11 bytes)
Event: 1322.587 Thread 0x000001e36dbb6000 nmethod 7340 0x000001e358706e90 code [0x000001e358707020, 0x000001e358707168]
Event: 1322.587 Thread 0x000001e36dbb6000 7341       1       org.apache.catalina.core.StandardContext::getApplicationEventListeners (10 bytes)
Event: 1322.587 Thread 0x000001e36dbb6000 nmethod 7341 0x000001e358707210 code [0x000001e3587073a0, 0x000001e3587074a8]
Event: 1322.595 Thread 0x000001e36dbb6000 7342  s    1       org.apache.tomcat.util.modeler.Registry::getRegistry (53 bytes)
Event: 1322.595 Thread 0x000001e36dbb6000 nmethod 7342 0x000001e358707510 code [0x000001e3587076c0, 0x000001e358707aa8]

GC Heap History (20 events):
Event: 7.067 GC heap after
{Heap after GC invocations=23 (full 0):
 garbage-first heap   total 84992K, used 22006K [0x0000000081a00000, 0x0000000100000000)
  region size 1024K, 5 young (5120K), 5 survivors (5120K)
 Metaspace       used 43751K, capacity 45067K, committed 45260K, reserved 1087488K
  class space    used 6005K, capacity 6488K, committed 6604K, reserved 1048576K
}
Event: 7.594 GC heap before
{Heap before GC invocations=23 (full 0):
 garbage-first heap   total 84992K, used 67062K [0x0000000081a00000, 0x0000000100000000)
  region size 1024K, 49 young (50176K), 5 survivors (5120K)
 Metaspace       used 46629K, capacity 48059K, committed 48204K, reserved 1091584K
  class space    used 6426K, capacity 6973K, committed 6988K, reserved 1048576K
}
Event: 7.602 GC heap after
{Heap after GC invocations=24 (full 0):
 garbage-first heap   total 84992K, used 23718K [0x0000000081a00000, 0x0000000100000000)
  region size 1024K, 5 young (5120K), 5 survivors (5120K)
 Metaspace       used 46629K, capacity 48059K, committed 48204K, reserved 1091584K
  class space    used 6426K, capacity 6973K, committed 6988K, reserved 1048576K
}
Event: 8.200 GC heap before
{Heap before GC invocations=24 (full 0):
 garbage-first heap   total 84992K, used 68774K [0x0000000081a00000, 0x0000000100000000)
  region size 1024K, 49 young (50176K), 5 survivors (5120K)
 Metaspace       used 49401K, capacity 50968K, committed 51276K, reserved 1093632K
  class space    used 6798K, capacity 7407K, committed 7500K, reserved 1048576K
}
Event: 8.210 GC heap after
{Heap after GC invocations=25 (full 0):
 garbage-first heap   total 102400K, used 25617K [0x0000000081a00000, 0x0000000100000000)
  region size 1024K, 6 young (6144K), 6 survivors (6144K)
 Metaspace       used 49401K, capacity 50968K, committed 51276K, reserved 1093632K
  class space    used 6798K, capacity 7407K, committed 7500K, reserved 1048576K
}
Event: 8.821 GC heap before
{Heap before GC invocations=25 (full 0):
 garbage-first heap   total 102400K, used 80913K [0x0000000081a00000, 0x0000000100000000)
  region size 1024K, 60 young (61440K), 6 survivors (6144K)
 Metaspace       used 53611K, capacity 55206K, committed 55372K, reserved 1097728K
  class space    used 7298K, capacity 7919K, committed 8012K, reserved 1048576K
}
Event: 8.830 GC heap after
{Heap after GC invocations=26 (full 0):
 garbage-first heap   total 102400K, used 27741K [0x0000000081a00000, 0x0000000100000000)
  region size 1024K, 6 young (6144K), 6 survivors (6144K)
 Metaspace       used 53611K, capacity 55206K, committed 55372K, reserved 1097728K
  class space    used 7298K, capacity 7919K, committed 8012K, reserved 1048576K
}
Event: 456.081 GC heap before
{Heap before GC invocations=26 (full 0):
 garbage-first heap   total 102400K, used 72797K [0x0000000081a00000, 0x0000000100000000)
  region size 1024K, 52 young (53248K), 6 survivors (6144K)
 Metaspace       used 55495K, capacity 57136K, committed 57420K, reserved 1097728K
  class space    used 7545K, capacity 8154K, committed 8268K, reserved 1048576K
}
Event: 456.141 GC heap after
{Heap after GC invocations=27 (full 1):
 garbage-first heap   total 86016K, used 24294K [0x0000000081a00000, 0x0000000100000000)
  region size 1024K, 0 young (0K), 0 survivors (0K)
 Metaspace       used 55493K, capacity 57133K, committed 57420K, reserved 1097728K
  class space    used 7544K, capacity 8153K, committed 8268K, reserved 1048576K
}
Event: 456.928 GC heap before
{Heap before GC invocations=27 (full 1):
 garbage-first heap   total 86016K, used 68326K [0x0000000081a00000, 0x0000000100000000)
  region size 1024K, 44 young (45056K), 0 survivors (0K)
 Metaspace       used 55566K, capacity 57248K, committed 57420K, reserved 1097728K
  class space    used 7556K, capacity 8168K, committed 8268K, reserved 1048576K
}
Event: 456.932 GC heap after
{Heap after GC invocations=28 (full 1):
 garbage-first heap   total 86016K, used 26612K [0x0000000081a00000, 0x0000000100000000)
  region size 1024K, 3 young (3072K), 3 survivors (3072K)
 Metaspace       used 55566K, capacity 57248K, committed 57420K, reserved 1097728K
  class space    used 7556K, capacity 8168K, committed 8268K, reserved 1048576K
}
Event: 457.216 GC heap before
{Heap before GC invocations=28 (full 1):
 garbage-first heap   total 86016K, used 67572K [0x0000000081a00000, 0x0000000100000000)
  region size 1024K, 44 young (45056K), 3 survivors (3072K)
 Metaspace       used 55602K, capacity 57292K, committed 57420K, reserved 1097728K
  class space    used 7561K, capacity 8203K, committed 8268K, reserved 1048576K
}
Event: 457.223 GC heap after
{Heap after GC invocations=29 (full 1):
 garbage-first heap   total 86016K, used 27026K [0x0000000081a00000, 0x0000000100000000)
  region size 1024K, 3 young (3072K), 3 survivors (3072K)
 Metaspace       used 55602K, capacity 57292K, committed 57420K, reserved 1097728K
  class space    used 7561K, capacity 8203K, committed 8268K, reserved 1048576K
}
Event: 484.362 GC heap before
{Heap before GC invocations=29 (full 1):
 garbage-first heap   total 86016K, used 50578K [0x0000000081a00000, 0x0000000100000000)
  region size 1024K, 27 young (27648K), 3 survivors (3072K)
 Metaspace       used 55770K, capacity 57465K, committed 57676K, reserved 1099776K
  class space    used 7575K, capacity 8213K, committed 8268K, reserved 1048576K
}
Event: 484.421 GC heap after
{Heap after GC invocations=30 (full 2):
 garbage-first heap   total 86016K, used 25802K [0x0000000081a00000, 0x0000000100000000)
  region size 1024K, 0 young (0K), 0 survivors (0K)
 Metaspace       used 55770K, capacity 57465K, committed 57676K, reserved 1099776K
  class space    used 7575K, capacity 8213K, committed 8268K, reserved 1048576K
}
Event: 485.110 GC heap before
{Heap before GC invocations=30 (full 2):
 garbage-first heap   total 86016K, used 68810K [0x0000000081a00000, 0x0000000100000000)
  region size 1024K, 43 young (44032K), 0 survivors (0K)
 Metaspace       used 55835K, capacity 57577K, committed 57676K, reserved 1099776K
  class space    used 7585K, capacity 8227K, committed 8268K, reserved 1048576K
}
Event: 485.113 GC heap after
{Heap after GC invocations=31 (full 2):
 garbage-first heap   total 86016K, used 27828K [0x0000000081a00000, 0x0000000100000000)
  region size 1024K, 2 young (2048K), 2 survivors (2048K)
 Metaspace       used 55835K, capacity 57577K, committed 57676K, reserved 1099776K
  class space    used 7585K, capacity 8227K, committed 8268K, reserved 1048576K
}
Event: 485.334 GC heap before
{Heap before GC invocations=31 (full 2):
 garbage-first heap   total 86016K, used 68788K [0x0000000081a00000, 0x0000000100000000)
  region size 1024K, 43 young (44032K), 2 survivors (2048K)
 Metaspace       used 55856K, capacity 57615K, committed 57804K, reserved 1099776K
  class space    used 7587K, capacity 8260K, committed 8396K, reserved 1048576K
}
Event: 485.338 GC heap after
{Heap after GC invocations=32 (full 2):
 garbage-first heap   total 86016K, used 28454K [0x0000000081a00000, 0x0000000100000000)
  region size 1024K, 3 young (3072K), 3 survivors (3072K)
 Metaspace       used 55856K, capacity 57615K, committed 57804K, reserved 1099776K
  class space    used 7587K, capacity 8260K, committed 8396K, reserved 1048576K
}
Event: 1322.595 GC heap before
{Heap before GC invocations=32 (full 2):
 garbage-first heap   total 86016K, used 67366K [0x0000000081a00000, 0x0000000100000000)
  region size 1024K, 42 young (43008K), 3 survivors (3072K)
 Metaspace       used 56040K, capacity 57840K, committed 58060K, reserved 1099776K
  class space    used 7600K, capacity 8268K, committed 8396K, reserved 1048576K
}

Deoptimization events (20 events):
Event: 1322.592 Thread 0x000001e371e6e800 DEOPT PACKING pc=0x000001e3583cc314 sp=0x00000024b1bfeb50
Event: 1322.592 Thread 0x000001e371e6e800 DEOPT UNPACKING pc=0x000001e35742964e sp=0x00000024b1bfe0f0 mode 1
Event: 1322.592 Thread 0x000001e371e6e800 DEOPT PACKING pc=0x000001e3583c308c sp=0x00000024b1bfee10
Event: 1322.592 Thread 0x000001e371e6e800 DEOPT UNPACKING pc=0x000001e35742964e sp=0x00000024b1bfe310 mode 1
Event: 1322.592 Thread 0x000001e371e64800 DEOPT PACKING pc=0x000001e3583cc314 sp=0x00000024b17ff170
Event: 1322.592 Thread 0x000001e371e64800 DEOPT UNPACKING pc=0x000001e35742964e sp=0x00000024b17fe710 mode 1
Event: 1322.592 Thread 0x000001e371e64800 DEOPT PACKING pc=0x000001e3583c308c sp=0x00000024b17ff430
Event: 1322.592 Thread 0x000001e371e64800 DEOPT UNPACKING pc=0x000001e35742964e sp=0x00000024b17fe930 mode 1
Event: 1322.592 Thread 0x000001e371e64000 DEOPT PACKING pc=0x000001e3583cc314 sp=0x00000024b15fef90
Event: 1322.592 Thread 0x000001e371e64000 DEOPT UNPACKING pc=0x000001e35742964e sp=0x00000024b15fe530 mode 1
Event: 1322.592 Thread 0x000001e371e64000 DEOPT PACKING pc=0x000001e3583c308c sp=0x00000024b15ff250
Event: 1322.592 Thread 0x000001e371e64000 DEOPT UNPACKING pc=0x000001e35742964e sp=0x00000024b15fe750 mode 1
Event: 1322.593 Thread 0x000001e371e69000 DEOPT PACKING pc=0x000001e3583cc314 sp=0x00000024b13ff100
Event: 1322.593 Thread 0x000001e371e69000 DEOPT UNPACKING pc=0x000001e35742964e sp=0x00000024b13fe6a0 mode 1
Event: 1322.593 Thread 0x000001e371e69000 DEOPT PACKING pc=0x000001e3583c308c sp=0x00000024b13ff3c0
Event: 1322.593 Thread 0x000001e371e63000 DEOPT PACKING pc=0x000001e3583cc314 sp=0x00000024b11ff100
Event: 1322.593 Thread 0x000001e371e69000 DEOPT UNPACKING pc=0x000001e35742964e sp=0x00000024b13fe8c0 mode 1
Event: 1322.593 Thread 0x000001e371e63000 DEOPT UNPACKING pc=0x000001e35742964e sp=0x00000024b11fe6a0 mode 1
Event: 1322.593 Thread 0x000001e371e63000 DEOPT PACKING pc=0x000001e3583c308c sp=0x00000024b11ff3c0
Event: 1322.593 Thread 0x000001e371e63000 DEOPT UNPACKING pc=0x000001e35742964e sp=0x00000024b11fe8c0 mode 1

Classes unloaded (1 events):
Event: 456.101 Thread 0x000001e36db88000 Unloading class 0x0000000800c5e840 'org/springframework/core/GenericTypeResolver$$Lambda$153'

Classes redefined (6 events):
Event: 447.652 Thread 0x000001e36db88000 redefined class name=com.example.MessageMemo.MessageMemoController, count=1
Event: 483.102 Thread 0x000001e36db88000 redefined class name=com.example.MessageMemo.MessageMemoController, count=2
Event: 483.102 Thread 0x000001e36db88000 redefined class name=com.example.MessageMemo.MessageMemoController, count=1
Event: 1321.099 Thread 0x000001e36db88000 redefined class name=com.example.MessageMemo.MessageMemoController, count=3
Event: 1321.099 Thread 0x000001e36db88000 redefined class name=com.example.MessageMemo.MessageMemoController, count=2
Event: 1321.099 Thread 0x000001e36db88000 redefined class name=com.example.MessageMemo.MessageMemoController, count=1

Internal exceptions (20 events):
Event: 485.208 Thread 0x000001e36f682000 Exception <a 'java/lang/NullPointerException'{0x0000000084c64350}> (0x0000000084c64350) 
thrown [./open/src/hotspot/share/runtime/sharedRuntime.cpp, line 584]
Event: 485.209 Thread 0x000001e36f682000 Implicit null exception at 0x000001e357eb047d to 0x000001e357eb07bf
Event: 485.209 Thread 0x000001e36f682000 Exception <a 'java/lang/NullPointerException'{0x0000000084c651e0}> (0x0000000084c651e0) 
thrown [./open/src/hotspot/share/runtime/sharedRuntime.cpp, line 584]
Event: 485.209 Thread 0x000001e36f682000 Implicit null exception at 0x000001e357eb047d to 0x000001e357eb07bf
Event: 485.209 Thread 0x000001e36f682000 Exception <a 'java/lang/NullPointerException'{0x0000000084c66078}> (0x0000000084c66078) 
thrown [./open/src/hotspot/share/runtime/sharedRuntime.cpp, line 584]
Event: 485.209 Thread 0x000001e36f682000 Implicit null exception at 0x000001e357eb047d to 0x000001e357eb07bf
Event: 485.209 Thread 0x000001e36f682000 Exception <a 'java/lang/NullPointerException'{0x0000000084c66f10}> (0x0000000084c66f10) 
thrown [./open/src/hotspot/share/runtime/sharedRuntime.cpp, line 584]
Event: 485.209 Thread 0x000001e36f682000 Implicit null exception at 0x000001e357eb047d to 0x000001e357eb07bf
Event: 485.209 Thread 0x000001e36f682000 Exception <a 'java/lang/NullPointerException'{0x0000000084c67da0}> (0x0000000084c67da0) 
thrown [./open/src/hotspot/share/runtime/sharedRuntime.cpp, line 584]
Event: 485.209 Thread 0x000001e36f682000 Implicit null exception at 0x000001e357eb047d to 0x000001e357eb07bf
Event: 485.209 Thread 0x000001e36f682000 Exception <a 'java/lang/NullPointerException'{0x0000000084c68bd8}> (0x0000000084c68bd8) 
thrown [./open/src/hotspot/share/runtime/sharedRuntime.cpp, line 584]
Event: 485.209 Thread 0x000001e36f682000 Implicit null exception at 0x000001e357eb047d to 0x000001e357eb07bf
Event: 485.209 Thread 0x000001e36f682000 Exception <a 'java/lang/NullPointerException'{0x0000000084c69a20}> (0x0000000084c69a20) 
thrown [./open/src/hotspot/share/runtime/sharedRuntime.cpp, line 584]
Event: 485.459 Thread 0x000001e36f682000 Exception <a 'java/lang/ClassNotFoundException'{0x00000000869c9938}: java/lang/ObjectCustomizer> (0x00000000869c9938) 
thrown [./open/src/hotspot/share/classfile/systemDictionary.cpp, line 226]
Event: 485.460 Thread 0x000001e36f682000 Exception <a 'java/lang/ClassNotFoundException'{0x00000000869ddec0}: com/example/MessageMemo/CustomerCustomizer> (0x00000000869ddec0) 
thrown [./open/src/hotspot/share/classfile/systemDictionary.cpp, line 226]
Event: 485.474 Thread 0x000001e36f682000 Exception <a 'java/lang/ClassNotFoundException'{0x0000000086737140}: java/lang/ObjectCustomizer> (0x0000000086737140) 
thrown [./open/src/hotspot/share/classfile/systemDictionary.cpp, line 226]
Event: 485.476 Thread 0x000001e36f682000 Exception <a 'java/lang/ClassNotFoundException'{0x000000008674b6c8}: com/example/MessageMemo/EmployeeCustomizer> (0x000000008674b6c8) 
thrown [./open/src/hotspot/share/classfile/systemDictionary.cpp, line 226]
Event: 485.489 Thread 0x000001e36f682000 Exception <a 'java/lang/ClassNotFoundException'{0x0000000086659a10}: java/lang/ObjectCustomizer> (0x0000000086659a10) 
thrown [./open/src/hotspot/share/classfile/systemDictionary.cpp, line 226]
Event: 485.489 Thread 0x000001e36f682000 Exception <a 'java/lang/ClassNotFoundException'{0x000000008666dad8}: com/example/MessageMemo/MessageCustomizer> (0x000000008666dad8) 
thrown [./open/src/hotspot/share/classfile/systemDictionary.cpp, line 226]
Event: 1322.594 Thread 0x000001e36f67f000 Exception <a 'java/lang/InterruptedException'{0x00000000847fc920}: sleep interrupted> (0x00000000847fc920) 
thrown [./open/src/hotspot/share/prims/jvm.cpp, line 3074]

Events (20 events):
Event: 1322.592 Thread 0x000001e371e6e800 Thread exited: 0x000001e371e6e800
Event: 1322.592 Thread 0x000001e371e64800 Thread exited: 0x000001e371e64800
Event: 1322.592 Thread 0x000001e371e64000 Thread exited: 0x000001e371e64000
Event: 1322.593 Thread 0x000001e371e69000 Thread exited: 0x000001e371e69000
Event: 1322.593 Thread 0x000001e371e63000 Thread exited: 0x000001e371e63000
Event: 1322.594 Executing VM operation: HandshakeOneThread
Event: 1322.594 Executing VM operation: HandshakeOneThread done
Event: 1322.594 Executing VM operation: HandshakeOneThread
Event: 1322.594 Executing VM operation: HandshakeOneThread done
Event: 1322.594 Executing VM operation: HandshakeOneThread
Event: 1322.594 Executing VM operation: HandshakeOneThread done
Event: 1322.594 Executing VM operation: HandshakeOneThread
Event: 1322.594 Executing VM operation: HandshakeOneThread done
Event: 1322.594 Executing VM operation: HandshakeOneThread
Event: 1322.594 Executing VM operation: HandshakeOneThread done
Event: 1322.594 Thread 0x000001e371e67000 Thread exited: 0x000001e371e67000
Event: 1322.594 Thread 0x000001e36f67f000 Thread exited: 0x000001e36f67f000
Event: 1322.594 Executing VM operation: HandshakeOneThread
Event: 1322.594 Executing VM operation: HandshakeOneThread done
Event: 1322.595 Executing VM operation: G1CollectFull


Dynamic libraries:
0x00007ff6adaa0000 - 0x00007ff6adaaf000 	C:\Program Files\Java\jdk-14.0.1\bin\javaw.exe
0x00007ff94c040000 - 0x00007ff94c230000 	C:\WINDOWS\SYSTEM32\ntdll.dll
0x00007ff94aa20000 - 0x00007ff94aad2000 	C:\WINDOWS\System32\KERNEL32.DLL
0x00007ff949230000 - 0x00007ff9494d4000 	C:\WINDOWS\System32\KERNELBASE.dll
0x00007ff949730000 - 0x00007ff94982a000 	C:\WINDOWS\System32\ucrtbase.dll
0x00007ff92ca30000 - 0x00007ff92ca45000 	C:\Program Files\Java\jdk-14.0.1\bin\VCRUNTIME140.dll
0x00007ff92cd70000 - 0x00007ff92cd88000 	C:\Program Files\Java\jdk-14.0.1\bin\jli.dll
0x00007ff94af20000 - 0x00007ff94afc3000 	C:\WINDOWS\System32\ADVAPI32.dll
0x00007ff94b120000 - 0x00007ff94b1be000 	C:\WINDOWS\System32\msvcrt.dll
0x00007ff94b1c0000 - 0x00007ff94b257000 	C:\WINDOWS\System32\sechost.dll
0x00007ff94b730000 - 0x00007ff94b850000 	C:\WINDOWS\System32\RPCRT4.dll
0x00007ff94baf0000 - 0x00007ff94bc84000 	C:\WINDOWS\System32\USER32.dll
0x00007ff949560000 - 0x00007ff949581000 	C:\WINDOWS\System32\win32u.dll
0x00007ff94bcf0000 - 0x00007ff94bd16000 	C:\WINDOWS\System32\GDI32.dll
0x00007ff949090000 - 0x00007ff949225000 	C:\WINDOWS\System32\gdi32full.dll
0x00007ff935520000 - 0x00007ff9357a4000 	C:\WINDOWS\WinSxS\amd64_microsoft.windows.common-controls_6595b64144ccf1df_6.0.18362.900_none_e6beb9d913147d17\COMCTL32.dll
0x00007ff948fd0000 - 0x00007ff94906e000 	C:\WINDOWS\System32\msvcp_win.dll
0x00007ff94aaf0000 - 0x00007ff94ae25000 	C:\WINDOWS\System32\combase.dll
0x00007ff9494e0000 - 0x00007ff949560000 	C:\WINDOWS\System32\bcryptPrimitives.dll
0x00007ff947fa0000 - 0x00007ff947faa000 	C:\WINDOWS\SYSTEM32\VERSION.dll
0x00007ff94ba50000 - 0x00007ff94ba7e000 	C:\WINDOWS\System32\IMM32.DLL
0x00007ff8f6a90000 - 0x00007ff8f6b2b000 	C:\Program Files\Java\jdk-14.0.1\bin\msvcp140.dll
0x00007ff8efdb0000 - 0x00007ff8f08ce000 	C:\Program Files\Java\jdk-14.0.1\bin\server\jvm.dll
0x00007ff94a8b0000 - 0x00007ff94a8b8000 	C:\WINDOWS\System32\PSAPI.DLL
0x00007ff93aa90000 - 0x00007ff93aa99000 	C:\WINDOWS\SYSTEM32\WSOCK32.dll
0x00007ff936cb0000 - 0x00007ff936cd4000 	C:\WINDOWS\SYSTEM32\WINMM.dll
0x00007ff94b050000 - 0x00007ff94b0bf000 	C:\WINDOWS\System32\WS2_32.dll
0x00007ff936ac0000 - 0x00007ff936aed000 	C:\WINDOWS\SYSTEM32\WINMMBASE.dll
0x00007ff9496e0000 - 0x00007ff94972a000 	C:\WINDOWS\System32\cfgmgr32.dll
0x00007ff948f10000 - 0x00007ff948f21000 	C:\WINDOWS\System32\kernel.appcore.dll
0x00007ff92fd90000 - 0x00007ff92fd9a000 	C:\Program Files\Java\jdk-14.0.1\bin\jimage.dll
0x00007ff9479c0000 - 0x00007ff947bb4000 	C:\WINDOWS\SYSTEM32\DBGHELP.DLL
0x00007ff93f220000 - 0x00007ff93f24a000 	C:\WINDOWS\SYSTEM32\dbgcore.DLL
0x00007ff8f60f0000 - 0x00007ff8f6128000 	C:\Program Files\Java\jdk-14.0.1\bin\jdwp.dll
0x00007ff92cd40000 - 0x00007ff92cd65000 	C:\Program Files\Java\jdk-14.0.1\bin\java.dll
0x00007ff92cd90000 - 0x00007ff92cd9e000 	C:\Program Files\Java\jdk-14.0.1\bin\instrument.dll
0x00007ff92cd20000 - 0x00007ff92cd36000 	C:\Program Files\Java\jdk-14.0.1\bin\zip.dll
0x00007ff94a1c0000 - 0x00007ff94a8a6000 	C:\WINDOWS\System32\SHELL32.dll
0x00007ff94b860000 - 0x00007ff94b909000 	C:\WINDOWS\System32\shcore.dll
0x00007ff949830000 - 0x00007ff949fb0000 	C:\WINDOWS\System32\windows.storage.dll
0x00007ff948f30000 - 0x00007ff948f53000 	C:\WINDOWS\System32\profapi.dll
0x00007ff948f60000 - 0x00007ff948faa000 	C:\WINDOWS\System32\powrprof.dll
0x00007ff948f00000 - 0x00007ff948f10000 	C:\WINDOWS\System32\UMPDC.dll
0x00007ff94b0c0000 - 0x00007ff94b112000 	C:\WINDOWS\System32\shlwapi.dll
0x00007ff949070000 - 0x00007ff949087000 	C:\WINDOWS\System32\cryptsp.dll
0x00007ff9312e0000 - 0x00007ff9312eb000 	C:\Program Files\Java\jdk-14.0.1\bin\dt_socket.dll
0x00007ff948420000 - 0x00007ff94845a000 	C:\WINDOWS\SYSTEM32\IPHLPAPI.DLL
0x00007ff948710000 - 0x00007ff948777000 	C:\WINDOWS\system32\mswsock.dll
0x00007ff9484b0000 - 0x00007ff94857b000 	C:\WINDOWS\SYSTEM32\DNSAPI.dll
0x00007ff94b850000 - 0x00007ff94b858000 	C:\WINDOWS\System32\NSI.dll
0x00007ff93ea90000 - 0x00007ff93ea9a000 	C:\Windows\System32\rasadhlp.dll
0x00007ff941720000 - 0x00007ff941797000 	C:\WINDOWS\System32\fwpuclnt.dll
0x00007ff94a0c0000 - 0x00007ff94a0e6000 	C:\WINDOWS\System32\bcrypt.dll
0x00007ff92cd00000 - 0x00007ff92cd19000 	C:\Program Files\Java\jdk-14.0.1\bin\net.dll
0x00007ff93e4f0000 - 0x00007ff93e5e0000 	C:\WINDOWS\SYSTEM32\WINHTTP.dll
0x00007ff92cce0000 - 0x00007ff92ccf2000 	C:\Program Files\Java\jdk-14.0.1\bin\nio.dll
0x00007ff93f980000 - 0x00007ff93f989000 	C:\Program Files\Java\jdk-14.0.1\bin\management.dll
0x00007ff92ca20000 - 0x00007ff92ca2b000 	C:\Program Files\Java\jdk-14.0.1\bin\management_ext.dll
0x00007ff93c390000 - 0x00007ff93c3a6000 	C:\WINDOWS\system32\napinsp.dll
0x00007ff93c370000 - 0x00007ff93c38a000 	C:\WINDOWS\system32\pnrpnsp.dll
0x00007ff93b3c0000 - 0x00007ff93b3ce000 	C:\WINDOWS\System32\winrnr.dll
0x00007ff940250000 - 0x00007ff94026c000 	C:\WINDOWS\system32\NLAapi.dll
0x00007ff92c350000 - 0x00007ff92c365000 	C:\WINDOWS\system32\wshbth.dll
0x00007ff948280000 - 0x00007ff9482b3000 	C:\WINDOWS\system32\rsaenh.dll
0x00007ff948e20000 - 0x00007ff948e45000 	C:\WINDOWS\SYSTEM32\USERENV.dll
0x00007ff9488e0000 - 0x00007ff9488ec000 	C:\WINDOWS\SYSTEM32\CRYPTBASE.dll
0x00007ff9442e0000 - 0x00007ff9442f6000 	C:\WINDOWS\SYSTEM32\dhcpcsvc6.DLL
0x00007ff9442c0000 - 0x00007ff9442dc000 	C:\WINDOWS\SYSTEM32\dhcpcsvc.DLL

dbghelp: loaded successfully - version: 4.0.5 - missing functions: none
symbol engine: initialized successfully - sym options: 0x614 - pdb path: .;C:\Program Files\Java\jdk-14.0.1\bin;C:\WINDOWS\SYSTEM32;C:\WINDOWS\WinSxS\amd64_microsoft.windows.common-controls_6595b64144ccf1df_6.0.18362.900_none_e6beb9d913147d17;C:\Program Files\Java\jdk-14.0.1\bin\server

VM Arguments:
jvm_args: -agentlib:jdwp=transport=dt_socket,suspend=y,address=localhost:53678 -Dcom.sun.management.jmxremote -Dcom.sun.management.jmxremote.port=53677 -Dcom.sun.management.jmxremote.authenticate=false -Dcom.sun.management.jmxremote.ssl=false -Djava.rmi.server.hostname=localhost -Dspring.jmx.enabled=true -Dspring.application.admin.enabled=true -Xverify:none -XX:TieredStopAtLevel=1 -Dspring.boot.project.name=MessageMemo -javaagent:C:\Users\m-kobayashi\sts-4.6.1.RELEASE\configuration\org.eclipse.osgi\245\0\.cp\lib\javaagent-shaded.jar -Dfile.encoding=UTF-8 
java_command: com.example.MessageMemo.MessageMemoApplication --spring.output.ansi.enabled=always
java_class_path (initial): C:\Users\m-kobayashi\STS_workspace\MessageMemo\bin\main;C:\Users\m-kobayashi\.gradle\caches\modules-2\files-2.1\org.springframework.boot\spring-boot-starter-data-jdbc\2.2.7.RELEASE\d6d10df77a39267767fa255ba92a086228b7455\spring-boot-starter-data-jdbc-2.2.7.RELEASE.jar;C:\Users\m-kobayashi\.gradle\caches\modules-2\files-2.1\org.springframework.boot\spring-boot-starter-data-jpa\2.2.7.RELEASE\66c4e94702455c185a3de90e17b017cbeeda5037\spring-boot-starter-data-jpa-2.2.7.RELEASE.jar;C:\Users\m-kobayashi\.gradle\caches\modules-2\files-2.1\org.springframework.boot\spring-boot-starter-thymeleaf\2.2.7.RELEASE\5522a75e478afff0c577b83ff2fe7dc958c918f5\spring-boot-starter-thymeleaf-2.2.7.RELEASE.jar;C:\Users\m-kobayashi\.gradle\caches\modules-2\files-2.1\org.springframework.boot\spring-boot-starter-web\2.2.7.RELEASE\8b0a33ac19051db7d6afe75ac2e870c416420800\spring-boot-starter-web-2.2.7.RELEASE.jar;C:\Users\m-kobayashi\.gradle\caches\modules-2\files-2.1\org.springframework.boot\spring-boot-starter-jdbc\2.2.7.RELEASE\213b136ad02082aa334447915ad43e1a983c698b\spring-boot-starter-jdbc-2.2.7.RELEASE.jar;C:\Users\m-kobayashi\.gradle\caches\modules-2\files-2.1\org.springframework.data\spring-data-jdbc\1.1.7.RELEASE\afe5069bfd745a3bca8457b567c43f23304b67ce\spring-data-jdbc-1.1.7.RELEASE.jar;C:\Users\m-kobayashi\.gradle\caches\modules-2\files-2.1\org.springframework.boot\spring-boot-starter-aop\2.2.7.RELEASE\5f444f12dac81cdad70c6060f291b2a30269e5c8\spring-boot-starter-aop-2.2.7.RELEASE.jar;C:\Users\m-kobayashi\.gradle\caches\modules-2\files-2.1\jakarta.persistence\jakarta.persistence-api\2.2.3\8f6ea5daedc614f07a3654a455660145286f024e\jakarta.persistence-api-2.2.3.jar;C:\Users\m-kobayashi\.gradle\caches\modules-2\files-2.1\jakarta.transaction\jakarta.transaction-api\1.3.3\c4179d48720a1e87202115fbed6089bdc4195405\jakarta.transaction-api-1.3.3.jar;C:\Users\m-kobayashi\.gradle\caches\modules-2\files-2.1\org.hibernate\hibernate-core\5.4.15.Final\31cda11d971f6790a2dc
Launcher Type: SUN_STANDARD

[Global flags]
     intx CICompilerCount                          = 3                                         {product} {ergonomic}
     uint ConcGCThreads                            = 1                                         {product} {ergonomic}
     uint G1ConcRefinementThreads                  = 4                                         {product} {ergonomic}
   size_t G1HeapRegionSize                         = 1048576                                   {product} {ergonomic}
    uintx GCDrainStackTargetSize                   = 64                                        {product} {ergonomic}
   size_t InitialHeapSize                          = 134217728                                 {product} {ergonomic}
     bool ManagementServer                         = true                                      {product} {command line}
   size_t MarkStackSize                            = 4194304                                   {product} {ergonomic}
   size_t MaxHeapSize                              = 2120220672                                {product} {ergonomic}
   size_t MaxNewSize                               = 1271922688                                {product} {ergonomic}
   size_t MinHeapDeltaBytes                        = 1048576                                   {product} {ergonomic}
   size_t MinHeapSize                              = 8388608                                   {product} {ergonomic}
    uintx NonNMethodCodeHeapSize                   = 6973028                                {pd product} {ergonomic}
    uintx NonProfiledCodeHeapSize                  = 244685212                              {pd product} {ergonomic}
    uintx ProfiledCodeHeapSize                     = 0                                      {pd product} {ergonomic}
    uintx ReservedCodeCacheSize                    = 251658240                              {pd product} {ergonomic}
     bool SegmentedCodeCache                       = true                                      {product} {ergonomic}
   size_t SoftMaxHeapSize                          = 2120220672                             {manageable} {ergonomic}
     intx TieredStopAtLevel                        = 1                                         {product} {command line}
     bool UseCompressedClassPointers               = true                                 {lp64_product} {ergonomic}
     bool UseCompressedOops                        = true                                 {lp64_product} {ergonomic}
     bool UseG1GC                                  = true                                      {product} {ergonomic}
     bool UseLargePagesIndividualAllocation        = false                                  {pd product} {ergonomic}

Logging:
Log output configuration:
 #0: stdout all=warning uptime,level,tags
 #1: stderr all=off uptime,level,tags

Environment Variables:
JAVA_HOME=C:\Program Files\Java\jdk-14.0.1
PATH=C:/Program Files/Java/jdk-14.0.1/bin/server;C:/Program Files/Java/jdk-14.0.1/bin;C:\Program Files\Java\jdk-14.0.1\bin;C:\Program Files (x86)\Intel\Intel(R) Management Engine Components\iCLS\;C:\Program Files\Intel\Intel(R) Management Engine Components\iCLS\;C:\WINDOWS\system32;C:\WINDOWS;C:\WINDOWS\System32\Wbem;C:\WINDOWS\System32\WindowsPowerShell\v1.0\;C:\WINDOWS\System32\OpenSSH\;C:\Program Files (x86)\Intel\Intel(R) Management Engine Components\DAL;C:\Program Files\Intel\Intel(R) Management Engine Components\DAL;C:\Program Files (x86)\Intel\Intel(R) Management Engine Components\IPT;C:\Program Files\Intel\Intel(R) Management Engine Components\IPT;C:\Program Files\Intel\WiFi\bin\;C:\Program Files\Common Files\Intel\WirelessCommon\;C:\Program Files\TortoiseSVN\bin;C:\Users\m-kobayashi\AppData\Local\Microsoft\WindowsApps;;C:\Users\m-kobayashi\AppData\Local\Programs\Microsoft VS Code\bin;C:\Users\m-kobayashi\sts-4.6.1.RELEASE;
USERNAME=m-kobayashi
OS=Windows_NT
PROCESSOR_IDENTIFIER=Intel64 Family 6 Model 142 Stepping 9, GenuineIntel



---------------  S Y S T E M  ---------------

OS: Windows 10 , 64 bit Build 18362 (10.0.18362.900)
OS uptime: 1 days 6:21 hours

CPU:total 4 (initial active 4) (2 cores per cpu, 2 threads per core) family 6 model 142 stepping 9, cmov, cx8, fxsr, mmx, sse, sse2, sse3, ssse3, sse4.1, sse4.2, popcnt, avx, avx2, aes, clmul, erms, 3dnowpref, lzcnt, ht, tsc, tscinvbit, bmi1, bmi2, adx, fma

Memory: 4k page, system-wide physical 8087M (2481M free)
TotalPageFile size 11220M (AvailPageFile size 3988M)
current process WorkingSet (physical memory assigned to process): 226M, peak: 238M
current process commit charge ("private bytes"): 269M, peak: 281M

vm_info: Java HotSpot(TM) 64-Bit Server VM (14.0.1+7) for windows-amd64 JRE (14.0.1+7), built on Mar  5 2020 10:30:14 by "mach5one" with MS VC++ 15.9 (VS2017)

END.
